This file contains any messages produced by compilers while
running configure, to aid debugging if configure makes a mistake.

It was created by configure, which was
generated by GNU Autoconf 2.69.  Invocation command line was

  $ ./configure 

## --------- ##
## Platform. ##
## --------- ##

hostname = YFXINX81-32-DX-APP.opi.com.
uname -m = x86_64
uname -r = 2.6.39-900.109.1.reiserfs.el5uek
uname -s = Linux
uname -v = #1 SMP Fri Jun 28 20:11:06 CST 2013

/usr/bin/uname -p = unknown
/bin/uname -X     = unknown

/bin/arch              = x86_64
/usr/bin/arch -k       = unknown
/usr/convex/getsysinfo = unknown
/usr/bin/hostinfo      = unknown
/bin/machine           = unknown
/usr/bin/oslevel       = unknown
/bin/universe          = unknown

PATH: /diska/sys_dev/systemtap/bin
PATH: /usr/java/jdk1.6.0_32//bin
PATH: /usr/java/jdk1.6.0_32//jre/bin
PATH: /usr/kerberos/bin
PATH: /usr/local/bin
PATH: /bin
PATH: /usr/bin
PATH: /home/jingchun.zhang/bin
PATH: /usr/sbin
PATH: /home/jingchun.zhang/st/mysql/bin
PATH: /home/jingchun.zhang/install/bin
PATH: /home/jingchun.zhang/st/checkinstall-1.6.1
PATH: /home/jingchun.zhang/st
PATH: /home/php/sbin/
PATH: /home/php/bin/


## ----------- ##
## Core tests. ##
## ----------- ##

configure:2610: checking for grep that handles long lines and -e
configure:2668: result: /bin/grep
configure:2673: checking for egrep
configure:2735: result: /bin/grep -E
configure:2740: checking for a sed that does not truncate output
configure:2794: result: /bin/sed
configure:2926: checking for cc
configure:2942: found /usr/bin/cc
configure:2953: result: cc
configure:2984: checking for C compiler version
configure:2993: cc --version >&5
cc (GCC) 4.1.2 20080704 (Red Hat 4.1.2-54)
Copyright (C) 2006 Free Software Foundation, Inc.
This is free software; see the source for copying conditions.  There is NO
warranty; not even for MERCHANTABILITY or FITNESS FOR A PARTICULAR PURPOSE.

configure:3004: $? = 0
configure:2993: cc -v >&5
Using built-in specs.
Target: x86_64-redhat-linux
Configured with: ../configure --prefix=/usr --mandir=/usr/share/man --infodir=/usr/share/info --enable-shared --enable-threads=posix --enable-checking=release --with-system-zlib --enable-__cxa_atexit --disable-libunwind-exceptions --enable-libgcj-multifile --enable-languages=c,c++,objc,obj-c++,java,fortran,ada --enable-java-awt=gtk --disable-dssi --disable-plugin --with-java-home=/usr/lib/jvm/java-1.4.2-gcj-1.4.2.0/jre --with-cpu=generic --host=x86_64-redhat-linux
Thread model: posix
gcc version 4.1.2 20080704 (Red Hat 4.1.2-54)
configure:3004: $? = 0
configure:2993: cc -V >&5
cc: '-V' option must have argument
configure:3004: $? = 1
configure:2993: cc -qversion >&5
cc: unrecognized option '-qversion'
cc: no input files
configure:3004: $? = 1
configure:3024: checking whether the C compiler works
configure:3046: cc    conftest.c  >&5
configure:3050: $? = 0
configure:3098: result: yes
configure:3101: checking for C compiler default output file name
configure:3103: result: a.out
configure:3109: checking for suffix of executables
configure:3116: cc -o conftest    conftest.c  >&5
configure:3120: $? = 0
configure:3142: result: 
configure:3164: checking whether we are cross compiling
configure:3172: cc -o conftest    conftest.c  >&5
configure:3176: $? = 0
configure:3183: ./conftest
configure:3187: $? = 0
configure:3202: result: no
configure:3207: checking for suffix of object files
configure:3229: cc -c   conftest.c >&5
configure:3233: $? = 0
configure:3254: result: o
configure:3258: checking whether we are using the GNU C compiler
configure:3277: cc -c   conftest.c >&5
configure:3277: $? = 0
configure:3286: result: yes
configure:3295: checking whether cc accepts -g
configure:3315: cc -c -g  conftest.c >&5
configure:3315: $? = 0
configure:3356: result: yes
configure:3373: checking for cc option to accept ISO C89
configure:3436: cc  -c -g -O2  conftest.c >&5
configure:3436: $? = 0
configure:3449: result: none needed
configure:3475: checking how to run the C preprocessor
configure:3506: cc -E  conftest.c
configure:3506: $? = 0
configure:3520: cc -E  conftest.c
conftest.c:9:28: error: ac_nonexistent.h: No such file or directory
configure:3520: $? = 1
configure: failed program was:
| /* confdefs.h */
| #define PACKAGE_NAME ""
| #define PACKAGE_TARNAME ""
| #define PACKAGE_VERSION ""
| #define PACKAGE_STRING ""
| #define PACKAGE_BUGREPORT ""
| #define PACKAGE_URL ""
| /* end confdefs.h.  */
| #include <ac_nonexistent.h>
configure:3545: result: cc -E
configure:3565: cc -E  conftest.c
configure:3565: $? = 0
configure:3579: cc -E  conftest.c
conftest.c:9:28: error: ac_nonexistent.h: No such file or directory
configure:3579: $? = 1
configure: failed program was:
| /* confdefs.h */
| #define PACKAGE_NAME ""
| #define PACKAGE_TARNAME ""
| #define PACKAGE_VERSION ""
| #define PACKAGE_STRING ""
| #define PACKAGE_BUGREPORT ""
| #define PACKAGE_URL ""
| /* end confdefs.h.  */
| #include <ac_nonexistent.h>
configure:3610: checking for icc
configure:3619: result: no
configure:3633: checking for suncc
configure:3642: result: no
configure:3660: checking whether cc understands -c and -o together
configure:3688: cc -c conftest.c -o conftest2.o >&5
configure:3692: $? = 0
configure:3698: cc -c conftest.c -o conftest2.o >&5
configure:3702: $? = 0
configure:3757: result: yes
configure:3771: checking for system library directory
configure:3789: result: lib
configure:3796: checking if compiler supports -R
configure:3815: cc -o conftest -g -O2   conftest.c -R /usr/lib  >&5
cc: unrecognized option '-R'
/usr/lib: file not recognized: Is a directory
collect2: ld returned 1 exit status
configure:3815: $? = 1
configure: failed program was:
| /* confdefs.h */
| #define PACKAGE_NAME ""
| #define PACKAGE_TARNAME ""
| #define PACKAGE_VERSION ""
| #define PACKAGE_STRING ""
| #define PACKAGE_BUGREPORT ""
| #define PACKAGE_URL ""
| /* end confdefs.h.  */
| 
| int
| main ()
| {
| 
|   ;
|   return 0;
| }
configure:3825: result: no
configure:3830: checking if compiler supports -Wl,-rpath,
configure:3849: cc -o conftest -g -O2   conftest.c -Wl,-rpath,/usr/lib  >&5
configure:3849: $? = 0
configure:3859: result: yes
configure:3904: checking build system type
configure:3918: result: x86_64-unknown-linux-gnu
configure:3938: checking host system type
configure:3951: result: x86_64-unknown-linux-gnu
configure:3971: checking target system type
configure:3984: result: x86_64-unknown-linux-gnu
configure:4090: checking for PHP prefix
configure:4092: result: /home/php
configure:4094: checking for PHP includes
configure:4096: result: -I/home/php/include/php -I/home/php/include/php/main -I/home/php/include/php/TSRM -I/home/php/include/php/Zend -I/home/php/include/php/ext -I/home/php/include/php/ext/date/lib
configure:4098: checking for PHP extension directory
configure:4100: result: /home/php/lib/php/extensions/no-debug-non-zts-20060613
configure:4102: checking for PHP installed headers prefix
configure:4104: result: /home/php/include/php
configure:4107: checking if debug is enabled
configure:4133: result: no
configure:4136: checking if zts is enabled
configure:4162: result: no
configure:4244: checking for re2c
configure:4274: result: no
configure:4299: WARNING: You will need re2c 0.13.4 or later if you want to regenerate PHP parsers.
configure:4313: checking for gawk
configure:4330: found /bin/gawk
configure:4341: result: gawk
configure:4385: checking whether to enable System V shared memory support
configure:4427: result: yes, shared
configure:4956: checking for ld used by cc
configure:5023: result: /usr/bin/ld
configure:5030: checking if the linker (/usr/bin/ld) is GNU ld
configure:5045: result: yes
configure:5050: checking for /usr/bin/ld option to reload object files
configure:5057: result: -r
configure:5075: checking for BSD-compatible nm
configure:5124: result: /usr/bin/nm -B
configure:5128: checking whether ln -s works
configure:5132: result: yes
configure:5139: checking how to recognize dependent libraries
configure:5325: result: pass_all
configure:5410: cc -c -g -O2  conftest.c >&5
configure:5413: $? = 0
configure:5537: checking for ANSI C header files
configure:5557: cc -c -g -O2  conftest.c >&5
configure:5557: $? = 0
configure:5630: cc -o conftest -g -O2   conftest.c  >&5
configure:5630: $? = 0
configure:5630: ./conftest
configure:5630: $? = 0
configure:5641: result: yes
configure:5654: checking for sys/types.h
configure:5654: cc -c -g -O2  conftest.c >&5
configure:5654: $? = 0
configure:5654: result: yes
configure:5654: checking for sys/stat.h
configure:5654: cc -c -g -O2  conftest.c >&5
configure:5654: $? = 0
configure:5654: result: yes
configure:5654: checking for stdlib.h
configure:5654: cc -c -g -O2  conftest.c >&5
configure:5654: $? = 0
configure:5654: result: yes
configure:5654: checking for string.h
configure:5654: cc -c -g -O2  conftest.c >&5
configure:5654: $? = 0
configure:5654: result: yes
configure:5654: checking for memory.h
configure:5654: cc -c -g -O2  conftest.c >&5
configure:5654: $? = 0
configure:5654: result: yes
configure:5654: checking for strings.h
configure:5654: cc -c -g -O2  conftest.c >&5
configure:5654: $? = 0
configure:5654: result: yes
configure:5654: checking for inttypes.h
configure:5654: cc -c -g -O2  conftest.c >&5
configure:5654: $? = 0
configure:5654: result: yes
configure:5654: checking for stdint.h
configure:5654: cc -c -g -O2  conftest.c >&5
configure:5654: $? = 0
configure:5654: result: yes
configure:5654: checking for unistd.h
configure:5654: cc -c -g -O2  conftest.c >&5
configure:5654: $? = 0
configure:5654: result: yes
configure:5668: checking dlfcn.h usability
configure:5668: cc -c -g -O2  conftest.c >&5
configure:5668: $? = 0
configure:5668: result: yes
configure:5668: checking dlfcn.h presence
configure:5668: cc -E  conftest.c
configure:5668: $? = 0
configure:5668: result: yes
configure:5668: checking for dlfcn.h
configure:5668: result: yes
configure:5690: checking the maximum length of command line arguments
configure:5802: result: 98304
configure:5814: checking command to parse /usr/bin/nm -B output from cc object
configure:5919: cc -c -g -O2  conftest.c >&5
configure:5922: $? = 0
configure:5926: /usr/bin/nm -B conftest.o \| sed -n -e 's/^.*[ 	]\([ABCDGIRSTW][ABCDGIRSTW]*\)[ 	][ 	]*\([_A-Za-z][_A-Za-z0-9]*\)$/\1 \2 \2/p' \> conftest.nm
configure:5929: $? = 0
configure:5981: cc -o conftest -g -O2   conftest.c conftstm.o >&5
configure:5984: $? = 0
configure:6022: result: ok
configure:6026: checking for objdir
configure:6041: result: .libs
configure:6133: checking for ar
configure:6149: found /usr/bin/ar
configure:6160: result: ar
configure:6225: checking for ranlib
configure:6241: found /usr/bin/ranlib
configure:6252: result: ranlib
configure:6317: checking for strip
configure:6333: found /usr/bin/strip
configure:6344: result: strip
configure:6913: checking if cc supports -fno-rtti -fno-exceptions
configure:6931: cc -c -g -O2  -fno-rtti -fno-exceptions conftest.c >&5
cc1: warning: command line option "-fno-rtti" is valid for C++/ObjC++ but not for C
configure:6935: $? = 0
configure:6948: result: no
configure:6963: checking for cc option to produce PIC
configure:7203: result: -fPIC
configure:7211: checking if cc PIC flag -fPIC works
configure:7229: cc -c -g -O2  -fPIC -DPIC conftest.c >&5
configure:7233: $? = 0
configure:7246: result: yes
configure:7274: checking if cc static flag -static works
configure:7302: result: yes
configure:7312: checking if cc supports -c -o file.o
configure:7333: cc -c -g -O2  -o out/conftest2.o conftest.c >&5
configure:7337: $? = 0
configure:7359: result: yes
configure:7385: checking whether the cc linker (/usr/bin/ld -m elf_x86_64) supports shared libraries
configure:8317: result: yes
configure:8338: checking whether -lc should be explicitly linked in
configure:8343: cc -c -g -O2  conftest.c >&5
configure:8346: $? = 0
configure:8361: cc -shared conftest.o  -v -Wl,-soname -Wl,conftest -o conftest 2\>\&1 \| grep  -lc  \>/dev/null 2\>\&1
configure:8364: $? = 0
configure:8376: result: no
configure:8384: checking dynamic linker characteristics
configure:8986: result: GNU/Linux ld.so
configure:9010: checking how to hardcode library paths into programs
configure:9035: result: immediate
configure:9049: checking whether stripping libraries is possible
configure:9054: result: yes
configure:9571: checking if libtool supports shared libraries
configure:9573: result: yes
configure:9576: checking whether to build shared libraries
configure:9597: result: yes
configure:9600: checking whether to build static libraries
configure:9604: result: no
configure:9699: result:
creating libtool
configure:13402: creating ./config.status

## ---------------------- ##
## Running config.status. ##
## ---------------------- ##

This file was extended by config.status, which was
generated by GNU Autoconf 2.69.  Invocation command line was

  CONFIG_FILES    = 
  CONFIG_HEADERS  = 
  CONFIG_LINKS    = 
  CONFIG_COMMANDS = 
  $ ./config.status 

on YFXINX81-32-DX-APP.opi.com.

config.status:677: creating config.h

## ---------------- ##
## Cache variables. ##
## ---------------- ##

ac_cv_build=x86_64-unknown-linux-gnu
ac_cv_c_compiler_gnu=yes
ac_cv_env_CC_set=
ac_cv_env_CC_value=
ac_cv_env_CFLAGS_set=
ac_cv_env_CFLAGS_value=
ac_cv_env_CPPFLAGS_set=
ac_cv_env_CPPFLAGS_value=
ac_cv_env_CPP_set=
ac_cv_env_CPP_value=
ac_cv_env_LDFLAGS_set=
ac_cv_env_LDFLAGS_value=
ac_cv_env_LIBS_set=
ac_cv_env_LIBS_value=
ac_cv_env_build_alias_set=
ac_cv_env_build_alias_value=
ac_cv_env_host_alias_set=
ac_cv_env_host_alias_value=
ac_cv_env_target_alias_set=
ac_cv_env_target_alias_value=
ac_cv_header_dlfcn_h=yes
ac_cv_header_inttypes_h=yes
ac_cv_header_memory_h=yes
ac_cv_header_stdc=yes
ac_cv_header_stdint_h=yes
ac_cv_header_stdlib_h=yes
ac_cv_header_string_h=yes
ac_cv_header_strings_h=yes
ac_cv_header_sys_stat_h=yes
ac_cv_header_sys_types_h=yes
ac_cv_header_unistd_h=yes
ac_cv_host=x86_64-unknown-linux-gnu
ac_cv_objext=o
ac_cv_path_EGREP='/bin/grep -E'
ac_cv_path_GREP=/bin/grep
ac_cv_prog_AWK=gawk
ac_cv_prog_CPP='cc -E'
ac_cv_prog_ac_ct_AR=ar
ac_cv_prog_ac_ct_CC=cc
ac_cv_prog_ac_ct_RANLIB=ranlib
ac_cv_prog_ac_ct_STRIP=strip
ac_cv_prog_cc_c89=
ac_cv_prog_cc_cc_c_o=yes
ac_cv_prog_cc_g=yes
ac_cv_target=x86_64-unknown-linux-gnu
lt_cv_deplibs_check_method=pass_all
lt_cv_file_magic_cmd='$MAGIC_CMD'
lt_cv_file_magic_test_file=
lt_cv_ld_reload_flag=-r
lt_cv_objdir=.libs
lt_cv_path_LD=/usr/bin/ld
lt_cv_path_NM='/usr/bin/nm -B'
lt_cv_path_SED=/bin/sed
lt_cv_prog_compiler_c_o=yes
lt_cv_prog_compiler_pic_works=yes
lt_cv_prog_compiler_rtti_exceptions=no
lt_cv_prog_compiler_static_works=yes
lt_cv_prog_gnu_ld=yes
lt_cv_sys_global_symbol_pipe='sed -n -e '\''s/^.*[ 	]\([ABCDGIRSTW][ABCDGIRSTW]*\)[ 	][ 	]*\([_A-Za-z][_A-Za-z0-9]*\)$/\1 \2 \2/p'\'''
lt_cv_sys_global_symbol_to_c_name_address='sed -n -e '\''s/^: \([^ ]*\) $/  {\"\1\", (lt_ptr) 0},/p'\'' -e '\''s/^[BCDEGRST] \([^ ]*\) \([^ ]*\)$/  {"\2", (lt_ptr) \&\2},/p'\'''
lt_cv_sys_global_symbol_to_cdecl='sed -n -e '\''s/^. .* \(.*\)$/extern int \1;/p'\'''
lt_cv_sys_lib_dlsearch_path_spec='/lib /usr/lib /usr/lib/mysql /usr/lib64/mysql /usr/local/lib /home/mysql/lib/mysql /diska/sys_dev/systemtap/lib/systemtap '
lt_cv_sys_lib_search_path_spec='/usr/lib/gcc/x86_64-redhat-linux/4.1.2 /usr/lib64 /lib64'
lt_cv_sys_max_cmd_len=98304
lt_lt_cv_prog_compiler_c_o='"yes"'
lt_lt_cv_sys_global_symbol_pipe='"sed -n -e '\''s/^.*[ 	]\\([ABCDGIRSTW][ABCDGIRSTW]*\\)[ 	][ 	]*\\([_A-Za-z][_A-Za-z0-9]*\\)\$/\\1 \\2 \\2/p'\''"'
lt_lt_cv_sys_global_symbol_to_c_name_address='"sed -n -e '\''s/^: \\([^ ]*\\) \$/  {\\\"\\1\\\", (lt_ptr) 0},/p'\'' -e '\''s/^[BCDEGRST] \\([^ ]*\\) \\([^ ]*\\)\$/  {\"\\2\", (lt_ptr) \\&\\2},/p'\''"'
lt_lt_cv_sys_global_symbol_to_cdecl='"sed -n -e '\''s/^. .* \\(.*\\)\$/extern int \\1;/p'\''"'
php_cv_cc_dashr=no
php_cv_cc_rpath=yes

## ----------------- ##
## Output variables. ##
## ----------------- ##

AR='ar'
AWK='gawk'
CC='cc'
CFLAGS='-g -O2'
CONFIGURE_COMMAND=' '\''./configure'\'' '
CONFIGURE_OPTIONS=''
CPP='cc -E'
CPPFLAGS=' -DHAVE_CONFIG_H'
DEFS='-DHAVE_CONFIG_H'
DSYMUTIL=''
ECHO='echo'
ECHO_C=''
ECHO_N='-n'
ECHO_T=''
EGREP='/bin/grep -E'
EXEEXT=''
GREP='/bin/grep'
LDFLAGS=''
LIBOBJS=''
LIBS=''
LIBTOOL='$(SHELL) $(top_builddir)/libtool'
LN_S='ln -s'
LTLIBOBJS=''
NMEDIT=''
OBJEXT='o'
PACKAGE_BUGREPORT=''
PACKAGE_NAME=''
PACKAGE_STRING=''
PACKAGE_TARNAME=''
PACKAGE_URL=''
PACKAGE_VERSION=''
PATH_SEPARATOR=':'
RANLIB='ranlib'
RE2C='exit 0;'
SED='/bin/sed'
SHELL='/bin/sh'
SHLIB_DL_SUFFIX_NAME='so'
SHLIB_SUFFIX_NAME='so'
STRIP='strip'
ac_ct_CC='cc'
bindir='${exec_prefix}/bin'
build='x86_64-unknown-linux-gnu'
build_alias=''
build_cpu='x86_64'
build_os='linux-gnu'
build_vendor='unknown'
datadir='${datarootdir}'
datarootdir='${prefix}/share'
docdir='${datarootdir}/doc/${PACKAGE}'
dvidir='${docdir}'
exec_prefix='$(prefix)'
host='x86_64-unknown-linux-gnu'
host_alias='x86_64-unknown-linux-gnu'
host_cpu='x86_64'
host_os='linux-gnu'
host_vendor='unknown'
htmldir='${docdir}'
includedir='${prefix}/include'
infodir='${datarootdir}/info'
libdir='${exec_prefix}/lib'
libexecdir='${exec_prefix}/libexec'
localedir='${datarootdir}/locale'
localstatedir='${prefix}/var'
mandir='${datarootdir}/man'
oldincludedir='/usr/include'
pdfdir='${docdir}'
prefix='/home/php'
program_transform_name='s,x,x,'
psdir='${docdir}'
sbindir='${exec_prefix}/sbin'
sharedstatedir='${prefix}/com'
sysconfdir='${prefix}/etc'
target='x86_64-unknown-linux-gnu'
target_alias=''
target_cpu='x86_64'
target_os='linux-gnu'
target_vendor='unknown'

## ----------- ##
## confdefs.h. ##
## ----------- ##

/* confdefs.h */
#define PACKAGE_NAME ""
#define PACKAGE_TARNAME ""
#define PACKAGE_VERSION ""
#define PACKAGE_STRING ""
#define PACKAGE_BUGREPORT ""
#define PACKAGE_URL ""
#define HAVE_PFS 1
#define COMPILE_DL_PFS_CLIENT 1
#define STDC_HEADERS 1
#define HAVE_SYS_TYPES_H 1
#define HAVE_SYS_STAT_H 1
#define HAVE_STDLIB_H 1
#define HAVE_STRING_H 1
#define HAVE_MEMORY_H 1
#define HAVE_STRINGS_H 1
#define HAVE_INTTYPES_H 1
#define HAVE_STDINT_H 1
#define HAVE_UNISTD_H 1
#define HAVE_DLFCN_H 1

configure: exit 0
